# JRE version: OpenJDK Runtime Environment Temurin-21.0.9+10 (21.0.9+10) (build 21.0.9+10-LTS)
# Java VM: OpenJDK 64-Bit Server VM Temurin-21.0.9+10 (21.0.9+10-LTS, mixed mode, sharing, tiered, compressed oops, compressed class ptrs, parallel gc, windows-amd64)
GC Precious Log:
 CardTable entry size: 512
 CPUs: 12 total, 12 available
 Memory: 16181M
 Large Page Support: Disabled
 NUMA Support: Disabled
 Compressed Oops: Enabled (32-bit)
 Alignments: Space 512K, Generation 512K, Heap 2M
 Heap Min Capacity: 100M
 Heap Initial Capacity: 100M
 Heap Max Capacity: 2G
 Pre-touch: Disabled
 Parallel Workers: 10
Heap:
 PSYoungGen      total 2560K, used 2237K [0x00000000d5580000, 0x00000000d5900000, 0x0000000100000000)
  eden space 1536K, 100% used [0x00000000d5580000,0x00000000d5700000,0x00000000d5700000)
  from space 1024K, 68% used [0x00000000d5700000,0x00000000d57af760,0x00000000d5800000)
  to   space 1024K, 0% used [0x00000000d5800000,0x00000000d5800000,0x00000000d5900000)
 ParOldGen       total 379392K, used 338010K [0x0000000080000000, 0x0000000097280000, 0x00000000d5580000)
  object space 379392K, 89% used [0x0000000080000000,0x0000000094a16bf0,0x0000000097280000)
 Metaspace       used 78341K, committed 79872K, reserved 1179648K
  class space    used 7970K, committed 8640K, reserved 1048576K
GC Heap History (20 events):
Event: 1261.221 GC heap before
{Heap before GC invocations=772 (full 4):
 PSYoungGen      total 2048K, used 1929K [0x00000000d5580000, 0x00000000d5880000, 0x0000000100000000)
  eden space 1536K, 100% used [0x00000000d5580000,0x00000000d5700000,0x00000000d5700000)
  from space 512K, 76% used [0x00000000d5780000,0x00000000d57e26c0,0x00000000d5800000)
  to   space 512K, 0% used [0x00000000d5800000,0x00000000d5800000,0x00000000d5880000)
 ParOldGen       total 379392K, used 336019K [0x0000000080000000, 0x0000000097280000, 0x00000000d5580000)
  object space 379392K, 88% used [0x0000000080000000,0x0000000094824dd0,0x0000000097280000)
 Metaspace       used 78318K, committed 79872K, reserved 1179648K
  class space    used 7970K, committed 8640K, reserved 1048576K
}
Event: 1261.222 GC heap after
{Heap after GC invocations=772 (full 4):
 PSYoungGen      total 2048K, used 160K [0x00000000d5580000, 0x00000000d5880000, 0x0000000100000000)
  eden space 1536K, 0% used [0x00000000d5580000,0x00000000d5580000,0x00000000d5700000)
  from space 512K, 31% used [0x00000000d5800000,0x00000000d5828000,0x00000000d5880000)
  to   space 512K, 0% used [0x00000000d5780000,0x00000000d5780000,0x00000000d5800000)
 ParOldGen       total 379392K, used 336229K [0x0000000080000000, 0x0000000097280000, 0x00000000d5580000)
  object space 379392K, 88% used [0x0000000080000000,0x0000000094859490,0x0000000097280000)
 Metaspace       used 78318K, committed 79872K, reserved 1179648K
  class space    used 7970K, committed 8640K, reserved 1048576K
}
Event: 1261.226 GC heap before
{Heap before GC invocations=773 (full 4):
 PSYoungGen      total 2048K, used 1696K [0x00000000d5580000, 0x00000000d5880000, 0x0000000100000000)
  eden space 1536K, 100% used [0x00000000d5580000,0x00000000d5700000,0x00000000d5700000)
  from space 512K, 31% used [0x00000000d5800000,0x00000000d5828000,0x00000000d5880000)
  to   space 512K, 0% used [0x00000000d5780000,0x00000000d5780000,0x00000000d5800000)
 ParOldGen       total 379392K, used 336229K [0x0000000080000000, 0x0000000097280000, 0x00000000d5580000)
  object space 379392K, 88% used [0x0000000080000000,0x0000000094859490,0x0000000097280000)
 Metaspace       used 78320K, committed 79872K, reserved 1179648K
  class space    used 7970K, committed 8640K, reserved 1048576K
}
Event: 1261.227 GC heap after
{Heap after GC invocations=773 (full 4):
 PSYoungGen      total 2048K, used 320K [0x00000000d5580000, 0x00000000d5880000, 0x0000000100000000)
  eden space 1536K, 0% used [0x00000000d5580000,0x00000000d5580000,0x00000000d5700000)
  from space 512K, 62% used [0x00000000d5780000,0x00000000d57d0000,0x00000000d5800000)
  to   space 512K, 0% used [0x00000000d5800000,0x00000000d5800000,0x00000000d5880000)
 ParOldGen       total 379392K, used 336277K [0x0000000080000000, 0x0000000097280000, 0x00000000d5580000)
  object space 379392K, 88% used [0x0000000080000000,0x0000000094865490,0x0000000097280000)
 Metaspace       used 78320K, committed 79872K, reserved 1179648K
  class space    used 7970K, committed 8640K, reserved 1048576K
}
Event: 1261.231 GC heap before
{Heap before GC invocations=774 (full 4):
 PSYoungGen      total 2048K, used 1855K [0x00000000d5580000, 0x00000000d5880000, 0x0000000100000000)
  eden space 1536K, 99% used [0x00000000d5580000,0x00000000d56ffff8,0x00000000d5700000)
  from space 512K, 62% used [0x00000000d5780000,0x00000000d57d0000,0x00000000d5800000)
  to   space 512K, 0% used [0x00000000d5800000,0x00000000d5800000,0x00000000d5880000)
 ParOldGen       total 379392K, used 336277K [0x0000000080000000, 0x0000000097280000, 0x00000000d5580000)
  object space 379392K, 88% used [0x0000000080000000,0x0000000094865490,0x0000000097280000)
 Metaspace       used 78320K, committed 79872K, reserved 1179648K
  class space    used 7970K, committed 8640K, reserved 1048576K
}
Event: 1261.232 GC heap after
{Heap after GC invocations=774 (full 4):
 PSYoungGen      total 2048K, used 256K [0x00000000d5580000, 0x00000000d5880000, 0x0000000100000000)
  eden space 1536K, 0% used [0x00000000d5580000,0x00000000d5580000,0x00000000d5700000)
  from space 512K, 50% used [0x00000000d5800000,0x00000000d5840000,0x00000000d5880000)
  to   space 512K, 0% used [0x00000000d5780000,0x00000000d5780000,0x00000000d5800000)
 ParOldGen       total 379392K, used 336325K [0x0000000080000000, 0x0000000097280000, 0x00000000d5580000)
  object space 379392K, 88% used [0x0000000080000000,0x0000000094871490,0x0000000097280000)
 Metaspace       used 78320K, committed 79872K, reserved 1179648K
  class space    used 7970K, committed 8640K, reserved 1048576K
}
Event: 1261.237 GC heap before
{Heap before GC invocations=775 (full 4):
 PSYoungGen      total 2048K, used 1792K [0x00000000d5580000, 0x00000000d5880000, 0x0000000100000000)
  eden space 1536K, 100% used [0x00000000d5580000,0x00000000d5700000,0x00000000d5700000)
  from space 512K, 50% used [0x00000000d5800000,0x00000000d5840000,0x00000000d5880000)
  to   space 512K, 0% used [0x00000000d5780000,0x00000000d5780000,0x00000000d5800000)
 ParOldGen       total 379392K, used 336325K [0x0000000080000000, 0x0000000097280000, 0x00000000d5580000)
  object space 379392K, 88% used [0x0000000080000000,0x0000000094871490,0x0000000097280000)
 Metaspace       used 78321K, committed 79872K, reserved 1179648K
  class space    used 7970K, committed 8640K, reserved 1048576K
}
Event: 1261.238 GC heap after
{Heap after GC invocations=775 (full 4):
 PSYoungGen      total 2048K, used 324K [0x00000000d5580000, 0x00000000d5880000, 0x0000000100000000)
  eden space 1536K, 0% used [0x00000000d5580000,0x00000000d5580000,0x00000000d5700000)
  from space 512K, 63% used [0x00000000d5780000,0x00000000d57d1360,0x00000000d5800000)
  to   space 512K, 0% used [0x00000000d5800000,0x00000000d5800000,0x00000000d5880000)
 ParOldGen       total 379392K, used 336381K [0x0000000080000000, 0x0000000097280000, 0x00000000d5580000)
  object space 379392K, 88% used [0x0000000080000000,0x000000009487f490,0x0000000097280000)
 Metaspace       used 78321K, committed 79872K, reserved 1179648K
  class space    used 7970K, committed 8640K, reserved 1048576K
}
Event: 1261.241 GC heap before
{Heap before GC invocations=776 (full 4):
 PSYoungGen      total 2048K, used 1860K [0x00000000d5580000, 0x00000000d5880000, 0x0000000100000000)
  eden space 1536K, 100% used [0x00000000d5580000,0x00000000d5700000,0x00000000d5700000)
  from space 512K, 63% used [0x00000000d5780000,0x00000000d57d1360,0x00000000d5800000)
  to   space 512K, 0% used [0x00000000d5800000,0x00000000d5800000,0x00000000d5880000)
 ParOldGen       total 379392K, used 336381K [0x0000000080000000, 0x0000000097280000, 0x00000000d5580000)
  object space 379392K, 88% used [0x0000000080000000,0x000000009487f490,0x0000000097280000)
 Metaspace       used 78321K, committed 79872K, reserved 1179648K
  class space    used 7970K, committed 8640K, reserved 1048576K
}
Event: 1261.242 GC heap after
{Heap after GC invocations=776 (full 4):
 PSYoungGen      total 2048K, used 320K [0x00000000d5580000, 0x00000000d5880000, 0x0000000100000000)
  eden space 1536K, 0% used [0x00000000d5580000,0x00000000d5580000,0x00000000d5700000)
  from space 512K, 62% used [0x00000000d5800000,0x00000000d5850000,0x00000000d5880000)
  to   space 512K, 0% used [0x00000000d5780000,0x00000000d5780000,0x00000000d5800000)
 ParOldGen       total 379392K, used 336574K [0x0000000080000000, 0x0000000097280000, 0x00000000d5580000)
  object space 379392K, 88% used [0x0000000080000000,0x00000000948afb50,0x0000000097280000)
 Metaspace       used 78321K, committed 79872K, reserved 1179648K
  class space    used 7970K, committed 8640K, reserved 1048576K
}
Event: 1261.246 GC heap before
{Heap before GC invocations=777 (full 4):
 PSYoungGen      total 2048K, used 1856K [0x00000000d5580000, 0x00000000d5880000, 0x0000000100000000)
  eden space 1536K, 100% used [0x00000000d5580000,0x00000000d5700000,0x00000000d5700000)
  from space 512K, 62% used [0x00000000d5800000,0x00000000d5850000,0x00000000d5880000)
  to   space 512K, 0% used [0x00000000d5780000,0x00000000d5780000,0x00000000d5800000)
 ParOldGen       total 379392K, used 336574K [0x0000000080000000, 0x0000000097280000, 0x00000000d5580000)
  object space 379392K, 88% used [0x0000000080000000,0x00000000948afb50,0x0000000097280000)
 Metaspace       used 78327K, committed 79872K, reserved 1179648K
  class space    used 7970K, committed 8640K, reserved 1048576K
}
Event: 1261.247 GC heap after
{Heap after GC invocations=777 (full 4):
 PSYoungGen      total 2048K, used 256K [0x00000000d5580000, 0x00000000d5880000, 0x0000000100000000)
  eden space 1536K, 0% used [0x00000000d5580000,0x00000000d5580000,0x00000000d5700000)
  from space 512K, 50% used [0x00000000d5780000,0x00000000d57c0000,0x00000000d5800000)
  to   space 512K, 0% used [0x00000000d5800000,0x00000000d5800000,0x00000000d5880000)
 ParOldGen       total 379392K, used 336622K [0x0000000080000000, 0x0000000097280000, 0x00000000d5580000)
  object space 379392K, 88% used [0x0000000080000000,0x00000000948bbb50,0x0000000097280000)
 Metaspace       used 78327K, committed 79872K, reserved 1179648K
  class space    used 7970K, committed 8640K, reserved 1048576K
}
Event: 1264.554 GC heap before
{Heap before GC invocations=778 (full 4):
 PSYoungGen      total 2048K, used 1792K [0x00000000d5580000, 0x00000000d5880000, 0x0000000100000000)
  eden space 1536K, 100% used [0x00000000d5580000,0x00000000d5700000,0x00000000d5700000)
  from space 512K, 50% used [0x00000000d5780000,0x00000000d57c0000,0x00000000d5800000)
  to   space 512K, 0% used [0x00000000d5800000,0x00000000d5800000,0x00000000d5880000)
 ParOldGen       total 379392K, used 336622K [0x0000000080000000, 0x0000000097280000, 0x00000000d5580000)
  object space 379392K, 88% used [0x0000000080000000,0x00000000948bbb50,0x0000000097280000)
 Metaspace       used 78331K, committed 79872K, reserved 1179648K
  class space    used 7970K, committed 8640K, reserved 1048576K
}
Event: 1264.555 GC heap after
{Heap after GC invocations=778 (full 4):
 PSYoungGen      total 2048K, used 260K [0x00000000d5580000, 0x00000000d5880000, 0x0000000100000000)
  eden space 1536K, 0% used [0x00000000d5580000,0x00000000d5580000,0x00000000d5700000)
  from space 512K, 50% used [0x00000000d5800000,0x00000000d5841360,0x00000000d5880000)
  to   space 512K, 0% used [0x00000000d5780000,0x00000000d5780000,0x00000000d5800000)
 ParOldGen       total 379392K, used 336662K [0x0000000080000000, 0x0000000097280000, 0x00000000d5580000)
  object space 379392K, 88% used [0x0000000080000000,0x00000000948c5b50,0x0000000097280000)
 Metaspace       used 78331K, committed 79872K, reserved 1179648K
  class space    used 7970K, committed 8640K, reserved 1048576K
}
Event: 1264.561 GC heap before
{Heap before GC invocations=779 (full 4):
 PSYoungGen      total 2048K, used 1796K [0x00000000d5580000, 0x00000000d5880000, 0x0000000100000000)
  eden space 1536K, 100% used [0x00000000d5580000,0x00000000d5700000,0x00000000d5700000)
  from space 512K, 50% used [0x00000000d5800000,0x00000000d5841360,0x00000000d5880000)
  to   space 512K, 0% used [0x00000000d5780000,0x00000000d5780000,0x00000000d5800000)
 ParOldGen       total 379392K, used 336662K [0x0000000080000000, 0x0000000097280000, 0x00000000d5580000)
  object space 379392K, 88% used [0x0000000080000000,0x00000000948c5b50,0x0000000097280000)
 Metaspace       used 78331K, committed 79872K, reserved 1179648K
  class space    used 7970K, committed 8640K, reserved 1048576K
}
Event: 1264.562 GC heap after
{Heap after GC invocations=779 (full 4):
 PSYoungGen      total 2048K, used 512K [0x00000000d5580000, 0x00000000d5900000, 0x0000000100000000)
  eden space 1536K, 0% used [0x00000000d5580000,0x00000000d5580000,0x00000000d5700000)
  from space 512K, 100% used [0x00000000d5780000,0x00000000d5800000,0x00000000d5800000)
  to   space 1024K, 0% used [0x00000000d5800000,0x00000000d5800000,0x00000000d5900000)
 ParOldGen       total 379392K, used 336898K [0x0000000080000000, 0x0000000097280000, 0x00000000d5580000)
  object space 379392K, 88% used [0x0000000080000000,0x0000000094900920,0x0000000097280000)
 Metaspace       used 78331K, committed 79872K, reserved 1179648K
  class space    used 7970K, committed 8640K, reserved 1048576K
}
Event: 1264.568 GC heap before
{Heap before GC invocations=780 (full 4):
 PSYoungGen      total 2048K, used 2048K [0x00000000d5580000, 0x00000000d5900000, 0x0000000100000000)
  eden space 1536K, 100% used [0x00000000d5580000,0x00000000d5700000,0x00000000d5700000)
  from space 512K, 100% used [0x00000000d5780000,0x00000000d5800000,0x00000000d5800000)
  to   space 1024K, 0% used [0x00000000d5800000,0x00000000d5800000,0x00000000d5900000)
 ParOldGen       total 379392K, used 336898K [0x0000000080000000, 0x0000000097280000, 0x00000000d5580000)
  object space 379392K, 88% used [0x0000000080000000,0x0000000094900920,0x0000000097280000)
 Metaspace       used 78331K, committed 79872K, reserved 1179648K
  class space    used 7970K, committed 8640K, reserved 1048576K
}
Event: 1264.569 GC heap after
{Heap after GC invocations=780 (full 4):
 PSYoungGen      total 2560K, used 788K [0x00000000d5580000, 0x00000000d5900000, 0x0000000100000000)
  eden space 1536K, 0% used [0x00000000d5580000,0x00000000d5580000,0x00000000d5700000)
  from space 1024K, 77% used [0x00000000d5800000,0x00000000d58c52c0,0x00000000d5900000)
  to   space 1024K, 0% used [0x00000000d5700000,0x00000000d5700000,0x00000000d5800000)
 ParOldGen       total 379392K, used 337418K [0x0000000080000000, 0x0000000097280000, 0x00000000d5580000)
  object space 379392K, 88% used [0x0000000080000000,0x0000000094982920,0x0000000097280000)
 Metaspace       used 78331K, committed 79872K, reserved 1179648K
  class space    used 7970K, committed 8640K, reserved 1048576K
}
Event: 1264.579 GC heap before
{Heap before GC invocations=781 (full 4):
 PSYoungGen      total 2560K, used 2324K [0x00000000d5580000, 0x00000000d5900000, 0x0000000100000000)
  eden space 1536K, 100% used [0x00000000d5580000,0x00000000d5700000,0x00000000d5700000)
  from space 1024K, 77% used [0x00000000d5800000,0x00000000d58c52c0,0x00000000d5900000)
  to   space 1024K, 0% used [0x00000000d5700000,0x00000000d5700000,0x00000000d5800000)
 ParOldGen       total 379392K, used 337418K [0x0000000080000000, 0x0000000097280000, 0x00000000d5580000)
  object space 379392K, 88% used [0x0000000080000000,0x0000000094982920,0x0000000097280000)
 Metaspace       used 78333K, committed 79872K, reserved 1179648K
  class space    used 7970K, committed 8640K, reserved 1048576K
}
Event: 1264.580 GC heap after
{Heap after GC invocations=781 (full 4):
 PSYoungGen      total 2560K, used 701K [0x00000000d5580000, 0x00000000d5900000, 0x0000000100000000)
  eden space 1536K, 0% used [0x00000000d5580000,0x00000000d5580000,0x00000000d5700000)
  from space 1024K, 68% used [0x00000000d5700000,0x00000000d57af760,0x00000000d5800000)
  to   space 1024K, 0% used [0x00000000d5800000,0x00000000d5800000,0x00000000d5900000)
 ParOldGen       total 379392K, used 338010K [0x0000000080000000, 0x0000000097280000, 0x00000000d5580000)
  object space 379392K, 89% used [0x0000000080000000,0x0000000094a16bf0,0x0000000097280000)
 Metaspace       used 78333K, committed 79872K, reserved 1179648K
  class space    used 7970K, committed 8640K, reserved 1048576K
}

